GAS LISTING /tmp/ccrwJKsK.s 			page 1


   1              		.file	"_semaphore.cpp"
   2              		.option pic
   3              		.option norelax
   4              		.text
   5              	.Ltext0:
   6              		.align	2
   7              		.globl	_ZN10_semaphoredlEPv
   9              	_ZN10_semaphoredlEPv:
  10              	.LFB12:
  11              		.file 1 "src/_semaphore.cpp"
   1:src/_semaphore.cpp **** //
   2:src/_semaphore.cpp **** // Created by os on 6/3/22.
   3:src/_semaphore.cpp **** //
   4:src/_semaphore.cpp **** 
   5:src/_semaphore.cpp **** #include "../h/_semaphore.hpp"
   6:src/_semaphore.cpp **** #include "../h/printing.hpp"
   7:src/_semaphore.cpp **** 
   8:src/_semaphore.cpp **** //operator delete will now call sem_close instead of just deallocating the space
   9:src/_semaphore.cpp **** //sem_close will take care of any remaining threads that are blocked and release allocated memory
  10:src/_semaphore.cpp **** void _semaphore::operator delete(void *addr){
  12              		.loc 1 10 45
  13              		.cfi_startproc
  14              	.LVL0:
  15 0000 130101FF 		addi	sp,sp,-16
  16              		.cfi_def_cfa_offset 16
  17 0004 23341100 		sd	ra,8(sp)
  18 0008 23308100 		sd	s0,0(sp)
  19              		.cfi_offset 1, -8
  20              		.cfi_offset 8, -16
  21 000c 13040101 		addi	s0,sp,16
  22              		.cfi_def_cfa 8, 0
  11:src/_semaphore.cpp ****     sem_close((sem_t)addr);
  23              		.loc 1 11 5
  24              		.loc 1 11 14 is_stmt 0
  25 0010 97000000 		call	_Z9sem_closeP10_semaphore@plt
  25      E7800000 
  26              	.LVL1:
  12:src/_semaphore.cpp **** }
  27              		.loc 1 12 1
  28 0018 83308100 		ld	ra,8(sp)
  29              		.cfi_restore 1
  30 001c 03340100 		ld	s0,0(sp)
  31              		.cfi_restore 8
  32              		.cfi_def_cfa 2, 16
  33 0020 13010101 		addi	sp,sp,16
  34              		.cfi_def_cfa_offset 0
  35 0024 67800000 		jr	ra
  36              		.cfi_endproc
  37              	.LFE12:
  39              	.Letext0:
  40              		.file 2 "src/../h/_semaphore.hpp"
  41              		.file 3 "src/../h/../lib/hw.h"
  42              		.file 4 "src/../h/syscall_c.h"
GAS LISTING /tmp/ccrwJKsK.s 			page 2


DEFINED SYMBOLS
                            *ABS*:0000000000000000 _semaphore.cpp
     /tmp/ccrwJKsK.s:9      .text:0000000000000000 _ZN10_semaphoredlEPv
     /tmp/ccrwJKsK.s:13     .text:0000000000000000 .L0 
     /tmp/ccrwJKsK.s:15     .text:0000000000000000 .L0 
     /tmp/ccrwJKsK.s:16     .text:0000000000000004 .L0 
     /tmp/ccrwJKsK.s:19     .text:000000000000000c .L0 
     /tmp/ccrwJKsK.s:20     .text:000000000000000c .L0 
     /tmp/ccrwJKsK.s:22     .text:0000000000000010 .L0 
     /tmp/ccrwJKsK.s:24     .text:0000000000000010 .L0 
     /tmp/ccrwJKsK.s:25     .text:0000000000000010 .L0 
     /tmp/ccrwJKsK.s:28     .text:0000000000000018 .L0 
     /tmp/ccrwJKsK.s:29     .text:000000000000001c .L0 
     /tmp/ccrwJKsK.s:31     .text:0000000000000020 .L0 
     /tmp/ccrwJKsK.s:32     .text:0000000000000020 .L0 
     /tmp/ccrwJKsK.s:34     .text:0000000000000024 .L0 
     /tmp/ccrwJKsK.s:36     .text:0000000000000028 .L0 
     /tmp/ccrwJKsK.s:43     .text:0000000000000028 .L0 
     /tmp/ccrwJKsK.s:258    .debug_abbrev:0000000000000000 .Ldebug_abbrev0
     /tmp/ccrwJKsK.s:624    .debug_str:000000000000018a .LASF21
     /tmp/ccrwJKsK.s:582    .debug_str:0000000000000010 .LASF22
     /tmp/ccrwJKsK.s:618    .debug_str:0000000000000133 .LASF23
     /tmp/ccrwJKsK.s:5      .text:0000000000000000 .Ltext0
     /tmp/ccrwJKsK.s:39     .text:0000000000000028 .Letext0
     /tmp/ccrwJKsK.s:578    .debug_line:0000000000000000 .Ldebug_line0
     /tmp/ccrwJKsK.s:628    .debug_str:000000000000025d .LASF0
     /tmp/ccrwJKsK.s:612    .debug_str:00000000000000ff .LASF1
     /tmp/ccrwJKsK.s:630    .debug_str:0000000000000268 .LASF2
     /tmp/ccrwJKsK.s:604    .debug_str:00000000000000bf .LASF24
     /tmp/ccrwJKsK.s:596    .debug_str:0000000000000076 .LASF25
     /tmp/ccrwJKsK.s:636    .debug_str:0000000000000293 .LASF6
     /tmp/ccrwJKsK.s:584    .debug_str:0000000000000023 .LASF3
     /tmp/ccrwJKsK.s:622    .debug_str:0000000000000177 .LASF4
     /tmp/ccrwJKsK.s:608    .debug_str:00000000000000db .LASF5
     /tmp/ccrwJKsK.s:600    .debug_str:000000000000009e .LASF7
     /tmp/ccrwJKsK.s:594    .debug_str:0000000000000064 .LASF8
     /tmp/ccrwJKsK.s:590    .debug_str:000000000000004d .LASF9
     /tmp/ccrwJKsK.s:598    .debug_str:000000000000008b .LASF10
     /tmp/ccrwJKsK.s:620    .debug_str:0000000000000164 .LASF11
     /tmp/ccrwJKsK.s:580    .debug_str:0000000000000000 .LASF12
     /tmp/ccrwJKsK.s:586    .debug_str:0000000000000030 .LASF13
     /tmp/ccrwJKsK.s:588    .debug_str:000000000000003e .LASF14
     /tmp/ccrwJKsK.s:626    .debug_str:000000000000024e .LASF15
     /tmp/ccrwJKsK.s:592    .debug_str:0000000000000054 .LASF16
     /tmp/ccrwJKsK.s:634    .debug_str:0000000000000283 .LASF17
     /tmp/ccrwJKsK.s:606    .debug_str:00000000000000cf .LASF18
     /tmp/ccrwJKsK.s:616    .debug_str:000000000000011d .LASF19
     /tmp/ccrwJKsK.s:610    .debug_str:00000000000000e9 .LASF20
     /tmp/ccrwJKsK.s:10     .text:0000000000000000 .LFB12
     /tmp/ccrwJKsK.s:37     .text:0000000000000028 .LFE12
     /tmp/ccrwJKsK.s:632    .debug_str:000000000000027e .LASF26
     /tmp/ccrwJKsK.s:551    .debug_loc:0000000000000000 .LLST0
     /tmp/ccrwJKsK.s:26     .text:0000000000000018 .LVL1
     /tmp/ccrwJKsK.s:602    .debug_str:00000000000000a5 .LASF27
     /tmp/ccrwJKsK.s:614    .debug_str:0000000000000113 .LASF28
     /tmp/ccrwJKsK.s:14     .text:0000000000000000 .LVL0
     /tmp/ccrwJKsK.s:44     .debug_info:0000000000000000 .Ldebug_info0
GAS LISTING /tmp/ccrwJKsK.s 			page 3



UNDEFINED SYMBOLS
_Z9sem_closeP10_semaphore
