GAS LISTING /tmp/cc3VIEx7.s 			page 1


   1              		.file	"_thread.cpp"
   2              		.option pic
   3              		.option norelax
   4              		.text
   5              	.Ltext0:
   6              		.align	2
   7              		.globl	_ZN7_threaddlEPv
   9              	_ZN7_threaddlEPv:
  10              	.LFB16:
  11              		.file 1 "src/_thread.cpp"
   1:src/_thread.cpp **** //
   2:src/_thread.cpp **** // Created by os on 6/3/22.
   3:src/_thread.cpp **** //
   4:src/_thread.cpp **** 
   5:src/_thread.cpp **** #include "../h/_thread.hpp"
   6:src/_thread.cpp **** #include "../h/tcb.hpp"
   7:src/_thread.cpp **** 
   8:src/_thread.cpp **** //operator delete will now call thread_free to safely release all allocated memory
   9:src/_thread.cpp **** void _thread::operator delete(void *addr){
  12              		.loc 1 9 42
  13              		.cfi_startproc
  14              	.LVL0:
  15 0000 130101FF 		addi	sp,sp,-16
  16              		.cfi_def_cfa_offset 16
  17 0004 23341100 		sd	ra,8(sp)
  18 0008 23308100 		sd	s0,0(sp)
  19              		.cfi_offset 1, -8
  20              		.cfi_offset 8, -16
  21 000c 13040101 		addi	s0,sp,16
  22              		.cfi_def_cfa 8, 0
  10:src/_thread.cpp ****     TCB::thread_free(addr);
  23              		.loc 1 10 5
  24              		.loc 1 10 21 is_stmt 0
  25 0010 97000000 		call	_ZN3TCB11thread_freeEPv@plt
  25      E7800000 
  26              	.LVL1:
  11:src/_thread.cpp **** }...
  27              		.loc 1 11 1
  28 0018 83308100 		ld	ra,8(sp)
  29              		.cfi_restore 1
  30 001c 03340100 		ld	s0,0(sp)
  31              		.cfi_restore 8
  32              		.cfi_def_cfa 2, 16
  33 0020 13010101 		addi	sp,sp,16
  34              		.cfi_def_cfa_offset 0
  35 0024 67800000 		jr	ra
  36              		.cfi_endproc
  37              	.LFE16:
  39              	.Letext0:
  40              		.file 2 "src/../h/_thread.hpp"
  41              		.file 3 "src/../h/../lib/hw.h"
  42              		.file 4 "src/../h/../h/../h/../h/utility.hpp"
  43              		.file 5 "src/../h/../h/../h/../h/../h/slab_t.hpp"
  44              		.file 6 "src/../h/../h/../h/../h/cache_t.hpp"
  45              		.file 7 "src/../h/tcb.hpp"
GAS LISTING /tmp/cc3VIEx7.s 			page 2


DEFINED SYMBOLS
                            *ABS*:0000000000000000 _thread.cpp
     /tmp/cc3VIEx7.s:9      .text:0000000000000000 _ZN7_threaddlEPv
     /tmp/cc3VIEx7.s:13     .text:0000000000000000 .L0 
     /tmp/cc3VIEx7.s:15     .text:0000000000000000 .L0 
     /tmp/cc3VIEx7.s:16     .text:0000000000000004 .L0 
     /tmp/cc3VIEx7.s:19     .text:000000000000000c .L0 
     /tmp/cc3VIEx7.s:20     .text:000000000000000c .L0 
     /tmp/cc3VIEx7.s:22     .text:0000000000000010 .L0 
     /tmp/cc3VIEx7.s:24     .text:0000000000000010 .L0 
     /tmp/cc3VIEx7.s:25     .text:0000000000000010 .L0 
     /tmp/cc3VIEx7.s:28     .text:0000000000000018 .L0 
     /tmp/cc3VIEx7.s:29     .text:000000000000001c .L0 
     /tmp/cc3VIEx7.s:31     .text:0000000000000020 .L0 
     /tmp/cc3VIEx7.s:32     .text:0000000000000020 .L0 
     /tmp/cc3VIEx7.s:34     .text:0000000000000024 .L0 
     /tmp/cc3VIEx7.s:36     .text:0000000000000028 .L0 
     /tmp/cc3VIEx7.s:46     .text:0000000000000028 .L0 
     /tmp/cc3VIEx7.s:835    .debug_abbrev:0000000000000000 .Ldebug_abbrev0
     /tmp/cc3VIEx7.s:1588   .debug_str:00000000000003c2 .LASF96
     /tmp/cc3VIEx7.s:1462   .debug_str:00000000000000de .LASF97
     /tmp/cc3VIEx7.s:1452   .debug_str:0000000000000089 .LASF98
     /tmp/cc3VIEx7.s:5      .text:0000000000000000 .Ltext0
     /tmp/cc3VIEx7.s:39     .text:0000000000000028 .Letext0
     /tmp/cc3VIEx7.s:1428   .debug_line:0000000000000000 .Ldebug_line0
     /tmp/cc3VIEx7.s:1450   .debug_str:0000000000000081 .LASF0
     /tmp/cc3VIEx7.s:1534   .debug_str:000000000000028a .LASF1
     /tmp/cc3VIEx7.s:1512   .debug_str:0000000000000209 .LASF2
     /tmp/cc3VIEx7.s:1436   .debug_str:0000000000000016 .LASF58
     /tmp/cc3VIEx7.s:1590   .debug_str:0000000000000486 .LASF60
     /tmp/cc3VIEx7.s:1504   .debug_str:00000000000001da .LASF3
     /tmp/cc3VIEx7.s:1518   .debug_str:0000000000000233 .LASF4
     /tmp/cc3VIEx7.s:1556   .debug_str:000000000000031d .LASF5
     /tmp/cc3VIEx7.s:1558   .debug_str:000000000000032b .LASF7
     /tmp/cc3VIEx7.s:1510   .debug_str:00000000000001f7 .LASF6
     /tmp/cc3VIEx7.s:1442   .debug_str:000000000000005a .LASF8
     /tmp/cc3VIEx7.s:1548   .debug_str:00000000000002e8 .LASF9
     /tmp/cc3VIEx7.s:1516   .debug_str:0000000000000220 .LASF10
     /tmp/cc3VIEx7.s:1494   .debug_str:00000000000001a9 .LASF11
     /tmp/cc3VIEx7.s:1498   .debug_str:00000000000001c2 .LASF12
     /tmp/cc3VIEx7.s:1488   .debug_str:000000000000017e .LASF13
     /tmp/cc3VIEx7.s:1492   .debug_str:000000000000019a .LASF14
     /tmp/cc3VIEx7.s:1470   .debug_str:0000000000000109 .LASF15
     /tmp/cc3VIEx7.s:1460   .debug_str:00000000000000ce .LASF16
     /tmp/cc3VIEx7.s:1576   .debug_str:0000000000000397 .LASF17
     /tmp/cc3VIEx7.s:1486   .debug_str:0000000000000168 .LASF18
     /tmp/cc3VIEx7.s:1570   .debug_str:0000000000000363 .LASF19
     /tmp/cc3VIEx7.s:1580   .debug_str:00000000000003ab .LASF20
     /tmp/cc3VIEx7.s:1564   .debug_str:0000000000000348 .LASF21
     /tmp/cc3VIEx7.s:1526   .debug_str:0000000000000264 .LASF22
     /tmp/cc3VIEx7.s:1490   .debug_str:000000000000018d .LASF23
     /tmp/cc3VIEx7.s:1606   .debug_str:00000000000004ed .LASF24
     /tmp/cc3VIEx7.s:1514   .debug_str:000000000000021b .LASF25
     /tmp/cc3VIEx7.s:1628   .debug_str:0000000000000557 .LASF26
     /tmp/cc3VIEx7.s:1540   .debug_str:00000000000002b1 .LASF27
     /tmp/cc3VIEx7.s:1524   .debug_str:000000000000025f .LASF28
     /tmp/cc3VIEx7.s:1502   .debug_str:00000000000001d5 .LASF29
GAS LISTING /tmp/cc3VIEx7.s 			page 3


     /tmp/cc3VIEx7.s:1602   .debug_str:00000000000004d0 .LASF30
     /tmp/cc3VIEx7.s:1546   .debug_str:00000000000002dc .LASF31
     /tmp/cc3VIEx7.s:1496   .debug_str:00000000000001b9 .LASF32
     /tmp/cc3VIEx7.s:1584   .debug_str:00000000000003b5 .LASF33
     /tmp/cc3VIEx7.s:1572   .debug_str:0000000000000379 .LASF34
     /tmp/cc3VIEx7.s:1532   .debug_str:0000000000000278 .LASF36
     /tmp/cc3VIEx7.s:1484   .debug_str:0000000000000160 .LASF35
     /tmp/cc3VIEx7.s:1622   .debug_str:0000000000000538 .LASF37
     /tmp/cc3VIEx7.s:1446   .debug_str:0000000000000071 .LASF38
     /tmp/cc3VIEx7.s:1464   .debug_str:00000000000000ee .LASF39
     /tmp/cc3VIEx7.s:1476   .debug_str:0000000000000136 .LASF40
     /tmp/cc3VIEx7.s:1444   .debug_str:0000000000000061 .LASF41
     /tmp/cc3VIEx7.s:1536   .debug_str:000000000000029a .LASF42
     /tmp/cc3VIEx7.s:1614   .debug_str:000000000000050e .LASF43
     /tmp/cc3VIEx7.s:1480   .debug_str:000000000000014e .LASF44
     /tmp/cc3VIEx7.s:1578   .debug_str:00000000000003a3 .LASF99
     /tmp/cc3VIEx7.s:1624   .debug_str:000000000000054b .LASF49
     /tmp/cc3VIEx7.s:1566   .debug_str:0000000000000350 .LASF45
     /tmp/cc3VIEx7.s:1458   .debug_str:00000000000000c8 .LASF46
     /tmp/cc3VIEx7.s:1454   .debug_str:00000000000000ba .LASF47
     /tmp/cc3VIEx7.s:1432   .debug_str:0000000000000009 .LASF48
     /tmp/cc3VIEx7.s:1500   .debug_str:00000000000001d0 .LASF50
     /tmp/cc3VIEx7.s:1508   .debug_str:00000000000001f2 .LASF51
     /tmp/cc3VIEx7.s:1506   .debug_str:00000000000001e7 .LASF52
     /tmp/cc3VIEx7.s:1466   .debug_str:00000000000000f3 .LASF53
     /tmp/cc3VIEx7.s:1574   .debug_str:0000000000000380 .LASF54
     /tmp/cc3VIEx7.s:1554   .debug_str:0000000000000318 .LASF55
     /tmp/cc3VIEx7.s:1560   .debug_str:0000000000000332 .LASF56
     /tmp/cc3VIEx7.s:1440   .debug_str:000000000000004e .LASF57
     /tmp/cc3VIEx7.s:1608   .debug_str:00000000000004f3 .LASF59
     /tmp/cc3VIEx7.s:1604   .debug_str:00000000000004da .LASF61
     /tmp/cc3VIEx7.s:1630   .debug_str:0000000000000562 .LASF62
     /tmp/cc3VIEx7.s:1544   .debug_str:00000000000002d0 .LASF63
     /tmp/cc3VIEx7.s:1538   .debug_str:00000000000002a4 .LASF64
     /tmp/cc3VIEx7.s:1600   .debug_str:00000000000004cb .LASF65
     /tmp/cc3VIEx7.s:1474   .debug_str:0000000000000127 .LASF66
     /tmp/cc3VIEx7.s:1478   .debug_str:0000000000000145 .LASF67
     /tmp/cc3VIEx7.s:1552   .debug_str:0000000000000305 .LASF69
     /tmp/cc3VIEx7.s:1568   .debug_str:0000000000000358 .LASF68
     /tmp/cc3VIEx7.s:1542   .debug_str:00000000000002ba .LASF70
     /tmp/cc3VIEx7.s:1520   .debug_str:0000000000000246 .LASF71
     /tmp/cc3VIEx7.s:1620   .debug_str:0000000000000528 .LASF72
     /tmp/cc3VIEx7.s:1550   .debug_str:00000000000002fb .LASF73
     /tmp/cc3VIEx7.s:1468   .debug_str:00000000000000ff .LASF74
     /tmp/cc3VIEx7.s:1472   .debug_str:0000000000000119 .LASF75
     /tmp/cc3VIEx7.s:1438   .debug_str:0000000000000026 .LASF76
     /tmp/cc3VIEx7.s:1610   .debug_str:00000000000004fb .LASF77
     /tmp/cc3VIEx7.s:1596   .debug_str:00000000000004ab .LASF78
     /tmp/cc3VIEx7.s:1598   .debug_str:00000000000004c3 .LASF79
     /tmp/cc3VIEx7.s:1612   .debug_str:0000000000000507 .LASF80
     /tmp/cc3VIEx7.s:1582   .debug_str:00000000000003b0 .LASF81
     /tmp/cc3VIEx7.s:1434   .debug_str:0000000000000011 .LASF82
     /tmp/cc3VIEx7.s:1626   .debug_str:0000000000000552 .LASF83
     /tmp/cc3VIEx7.s:1528   .debug_str:0000000000000269 .LASF84
     /tmp/cc3VIEx7.s:1592   .debug_str:0000000000000497 .LASF85
     /tmp/cc3VIEx7.s:1616   .debug_str:000000000000051b .LASF86
     /tmp/cc3VIEx7.s:1618   .debug_str:0000000000000520 .LASF87
GAS LISTING /tmp/cc3VIEx7.s 			page 4


     /tmp/cc3VIEx7.s:1594   .debug_str:00000000000004a1 .LASF88
     /tmp/cc3VIEx7.s:1530   .debug_str:000000000000026f .LASF89
     /tmp/cc3VIEx7.s:1430   .debug_str:0000000000000000 .LASF90
     /tmp/cc3VIEx7.s:1448   .debug_str:0000000000000076 .LASF91
     /tmp/cc3VIEx7.s:1586   .debug_str:00000000000003ba .LASF92
     /tmp/cc3VIEx7.s:1482   .debug_str:0000000000000155 .LASF93
     /tmp/cc3VIEx7.s:1562   .debug_str:0000000000000337 .LASF94
     /tmp/cc3VIEx7.s:1522   .debug_str:0000000000000256 .LASF95
     /tmp/cc3VIEx7.s:10     .text:0000000000000000 .LFB16
     /tmp/cc3VIEx7.s:37     .text:0000000000000028 .LFE16
     /tmp/cc3VIEx7.s:1456   .debug_str:00000000000000c3 .LASF100
     /tmp/cc3VIEx7.s:1401   .debug_loc:0000000000000000 .LLST0
     /tmp/cc3VIEx7.s:26     .text:0000000000000018 .LVL1
     /tmp/cc3VIEx7.s:14     .text:0000000000000000 .LVL0
     /tmp/cc3VIEx7.s:47     .debug_info:0000000000000000 .Ldebug_info0

UNDEFINED SYMBOLS
_ZN3TCB11thread_freeEPv
