GAS LISTING /tmp/ccTRe2YE.s 			page 1


   1              		.file	"main.cpp"
   2              		.option pic
   3              		.option norelax
   4              		.text
   5              	.Ltext0:
   6              		.align	2
   7              		.globl	main
   9              	main:
  10              	.LFB0:
  11              		.file 1 "src/main.cpp"
   1:src/main.cpp  **** //
   2:src/main.cpp  **** // Created by os on 4/28/22.
   3:src/main.cpp  **** //
   4:src/main.cpp  **** #include "../h/system.hpp"
   5:src/main.cpp  **** 
   6:src/main.cpp  **** int main() {
  12              		.loc 1 6 12
  13              		.cfi_startproc
  14 0000 130101FE 		addi	sp,sp,-32
  15              		.cfi_def_cfa_offset 32
  16 0004 233C1100 		sd	ra,24(sp)
  17 0008 23388100 		sd	s0,16(sp)
  18              		.cfi_offset 1, -8
  19              		.cfi_offset 8, -16
  20 000c 13040102 		addi	s0,sp,32
  21              		.cfi_def_cfa 8, 0
   7:src/main.cpp  **** 
   8:src/main.cpp  ****     //entry point for user code
   9:src/main.cpp  ****     System();
  22              		.loc 1 9 5
  23 0010 130584FE 		addi	a0,s0,-24
  24 0014 97000000 		call	_ZN6SystemC1Ev@plt
  24      E7800000 
  25              	.LVL0:
  10:src/main.cpp  **** 
  11:src/main.cpp  ****     return 0;
  26              		.loc 1 11 5
  12:src/main.cpp  **** }...
  27              		.loc 1 12 1 is_stmt 0
  28 001c 13050000 		li	a0,0
  29 0020 83308101 		ld	ra,24(sp)
  30              		.cfi_restore 1
  31 0024 03340101 		ld	s0,16(sp)
  32              		.cfi_restore 8
  33              		.cfi_def_cfa 2, 32
  34 0028 13010102 		addi	sp,sp,32
  35              		.cfi_def_cfa_offset 0
  36 002c 67800000 		jr	ra
  37              		.cfi_endproc
  38              	.LFE0:
  40              	.Letext0:
  41              		.file 2 "src/../h/../lib/hw.h"
GAS LISTING /tmp/ccTRe2YE.s 			page 2


DEFINED SYMBOLS
                            *ABS*:0000000000000000 main.cpp
     /tmp/ccTRe2YE.s:9      .text:0000000000000000 main
     /tmp/ccTRe2YE.s:13     .text:0000000000000000 .L0 
     /tmp/ccTRe2YE.s:14     .text:0000000000000000 .L0 
     /tmp/ccTRe2YE.s:15     .text:0000000000000004 .L0 
     /tmp/ccTRe2YE.s:18     .text:000000000000000c .L0 
     /tmp/ccTRe2YE.s:19     .text:000000000000000c .L0 
     /tmp/ccTRe2YE.s:21     .text:0000000000000010 .L0 
     /tmp/ccTRe2YE.s:23     .text:0000000000000010 .L0 
     /tmp/ccTRe2YE.s:27     .text:000000000000001c .L0 
     /tmp/ccTRe2YE.s:28     .text:000000000000001c .L0 
     /tmp/ccTRe2YE.s:30     .text:0000000000000024 .L0 
     /tmp/ccTRe2YE.s:32     .text:0000000000000028 .L0 
     /tmp/ccTRe2YE.s:33     .text:0000000000000028 .L0 
     /tmp/ccTRe2YE.s:35     .text:000000000000002c .L0 
     /tmp/ccTRe2YE.s:37     .text:0000000000000030 .L0 
     /tmp/ccTRe2YE.s:42     .text:0000000000000030 .L0 
     /tmp/ccTRe2YE.s:195    .debug_abbrev:0000000000000000 .Ldebug_abbrev0
     /tmp/ccTRe2YE.s:409    .debug_str:00000000000000ab .LASF18
     /tmp/ccTRe2YE.s:413    .debug_str:0000000000000174 .LASF19
     /tmp/ccTRe2YE.s:425    .debug_str:00000000000001d4 .LASF20
     /tmp/ccTRe2YE.s:5      .text:0000000000000000 .Ltext0
     /tmp/ccTRe2YE.s:40     .text:0000000000000030 .Letext0
     /tmp/ccTRe2YE.s:383    .debug_line:0000000000000000 .Ldebug_line0
     /tmp/ccTRe2YE.s:415    .debug_str:0000000000000181 .LASF0
     /tmp/ccTRe2YE.s:405    .debug_str:000000000000008c .LASF1
     /tmp/ccTRe2YE.s:401    .debug_str:000000000000006c .LASF2
     /tmp/ccTRe2YE.s:391    .debug_str:0000000000000028 .LASF4
     /tmp/ccTRe2YE.s:403    .debug_str:000000000000007a .LASF3
     /tmp/ccTRe2YE.s:387    .debug_str:0000000000000013 .LASF5
     /tmp/ccTRe2YE.s:385    .debug_str:0000000000000000 .LASF6
     /tmp/ccTRe2YE.s:397    .debug_str:000000000000004a .LASF7
     /tmp/ccTRe2YE.s:417    .debug_str:000000000000018e .LASF8
     /tmp/ccTRe2YE.s:389    .debug_str:000000000000001a .LASF9
     /tmp/ccTRe2YE.s:427    .debug_str:0000000000000205 .LASF10
     /tmp/ccTRe2YE.s:399    .debug_str:000000000000005d .LASF11
     /tmp/ccTRe2YE.s:423    .debug_str:00000000000001c4 .LASF12
     /tmp/ccTRe2YE.s:421    .debug_str:00000000000001b4 .LASF13
     /tmp/ccTRe2YE.s:407    .debug_str:000000000000009f .LASF14
     /tmp/ccTRe2YE.s:395    .debug_str:0000000000000034 .LASF15
     /tmp/ccTRe2YE.s:419    .debug_str:000000000000019e .LASF16
     /tmp/ccTRe2YE.s:393    .debug_str:000000000000002f .LASF17
     /tmp/ccTRe2YE.s:411    .debug_str:000000000000016f .LASF21
     /tmp/ccTRe2YE.s:10     .text:0000000000000000 .LFB0
     /tmp/ccTRe2YE.s:38     .text:0000000000000030 .LFE0
     /tmp/ccTRe2YE.s:25     .text:000000000000001c .LVL0
     /tmp/ccTRe2YE.s:43     .debug_info:0000000000000000 .Ldebug_info0

UNDEFINED SYMBOLS
_ZN6SystemC1Ev
