GAS LISTING /tmp/cc0qNp5H.s 			page 1


   1              		.file	"slab.cpp"
   2              		.option pic
   3              		.option norelax
   4              		.text
   5              	.Ltext0:
   6              		.align	2
   7              		.globl	_Z9kmem_initPvi
   9              	_Z9kmem_initPvi:
  10              	.LFB25:
  11              		.file 1 "src/slab.cpp"
   1:src/slab.cpp  **** //
   2:src/slab.cpp  **** // Created by os on 1/2/23.
   3:src/slab.cpp  **** //
   4:src/slab.cpp  **** #include "../h/slab.hpp"
   5:src/slab.cpp  **** 
   6:src/slab.cpp  **** void kmem_init(void* space, int block_num){
  12              		.loc 1 6 43
  13              		.cfi_startproc
  14              	.LVL0:
  15 0000 130101FF 		addi	sp,sp,-16
  16              		.cfi_def_cfa_offset 16
  17 0004 23341100 		sd	ra,8(sp)
  18 0008 23308100 		sd	s0,0(sp)
  19              		.cfi_offset 1, -8
  20              		.cfi_offset 8, -16
  21 000c 13040101 		addi	s0,sp,16
  22              		.cfi_def_cfa 8, 0
   7:src/slab.cpp  ****     SlabAllocator::initialize(space, block_num);
  23              		.loc 1 7 5
  24              		.loc 1 7 30 is_stmt 0
  25 0010 97000000 		call	_ZN13SlabAllocator10initializeEPvm@plt
  25      E7800000 
  26              	.LVL1:
   8:src/slab.cpp  **** }...
  27              		.loc 1 8 1
  28 0018 83308100 		ld	ra,8(sp)
  29              		.cfi_restore 1
  30 001c 03340100 		ld	s0,0(sp)
  31              		.cfi_restore 8
  32              		.cfi_def_cfa 2, 16
  33 0020 13010101 		addi	sp,sp,16
  34              		.cfi_def_cfa_offset 0
  35 0024 67800000 		jr	ra
  36              		.cfi_endproc
  37              	.LFE25:
  39              	.Letext0:
  40              		.file 2 "src/../h/../h/../h/../lib/hw.h"
  41              		.file 3 "src/../h/../h/slabAllocator.hpp"
GAS LISTING /tmp/cc0qNp5H.s 			page 2


DEFINED SYMBOLS
                            *ABS*:0000000000000000 slab.cpp
     /tmp/cc0qNp5H.s:9      .text:0000000000000000 _Z9kmem_initPvi
     /tmp/cc0qNp5H.s:13     .text:0000000000000000 .L0 
     /tmp/cc0qNp5H.s:15     .text:0000000000000000 .L0 
     /tmp/cc0qNp5H.s:16     .text:0000000000000004 .L0 
     /tmp/cc0qNp5H.s:19     .text:000000000000000c .L0 
     /tmp/cc0qNp5H.s:20     .text:000000000000000c .L0 
     /tmp/cc0qNp5H.s:22     .text:0000000000000010 .L0 
     /tmp/cc0qNp5H.s:24     .text:0000000000000010 .L0 
     /tmp/cc0qNp5H.s:25     .text:0000000000000010 .L0 
     /tmp/cc0qNp5H.s:28     .text:0000000000000018 .L0 
     /tmp/cc0qNp5H.s:29     .text:000000000000001c .L0 
     /tmp/cc0qNp5H.s:31     .text:0000000000000020 .L0 
     /tmp/cc0qNp5H.s:32     .text:0000000000000020 .L0 
     /tmp/cc0qNp5H.s:34     .text:0000000000000024 .L0 
     /tmp/cc0qNp5H.s:36     .text:0000000000000028 .L0 
     /tmp/cc0qNp5H.s:42     .text:0000000000000028 .L0 
     /tmp/cc0qNp5H.s:528    .debug_abbrev:0000000000000000 .Ldebug_abbrev0
     /tmp/cc0qNp5H.s:1066   .debug_str:000000000000031e .LASF59
     /tmp/cc0qNp5H.s:1000   .debug_str:0000000000000174 .LASF60
     /tmp/cc0qNp5H.s:972    .debug_str:0000000000000048 .LASF61
     /tmp/cc0qNp5H.s:5      .text:0000000000000000 .Ltext0
     /tmp/cc0qNp5H.s:39     .text:0000000000000028 .Letext0
     /tmp/cc0qNp5H.s:962    .debug_line:0000000000000000 .Ldebug_line0
     /tmp/cc0qNp5H.s:1008   .debug_str:000000000000019d .LASF0
     /tmp/cc0qNp5H.s:1018   .debug_str:00000000000001e1 .LASF1
     /tmp/cc0qNp5H.s:1044   .debug_str:00000000000002a7 .LASF2
     /tmp/cc0qNp5H.s:1046   .debug_str:00000000000002b5 .LASF4
     /tmp/cc0qNp5H.s:1010   .debug_str:00000000000001aa .LASF3
     /tmp/cc0qNp5H.s:966    .debug_str:000000000000002c .LASF5
     /tmp/cc0qNp5H.s:1042   .debug_str:0000000000000294 .LASF6
     /tmp/cc0qNp5H.s:1016   .debug_str:00000000000001ce .LASF7
     /tmp/cc0qNp5H.s:998    .debug_str:0000000000000164 .LASF8
     /tmp/cc0qNp5H.s:1004   .debug_str:000000000000018a .LASF9
     /tmp/cc0qNp5H.s:978    .debug_str:000000000000009e .LASF10
     /tmp/cc0qNp5H.s:994    .debug_str:000000000000014a .LASF11
     /tmp/cc0qNp5H.s:984    .debug_str:00000000000000df .LASF12
     /tmp/cc0qNp5H.s:976    .debug_str:000000000000008e .LASF13
     /tmp/cc0qNp5H.s:1058   .debug_str:00000000000002fe .LASF14
     /tmp/cc0qNp5H.s:992    .debug_str:0000000000000134 .LASF15
     /tmp/cc0qNp5H.s:1054   .debug_str:00000000000002e1 .LASF16
     /tmp/cc0qNp5H.s:1028   .debug_str:0000000000000219 .LASF17
     /tmp/cc0qNp5H.s:1060   .debug_str:000000000000030a .LASF18
     /tmp/cc0qNp5H.s:1048   .debug_str:00000000000002bc .LASF62
     /tmp/cc0qNp5H.s:1062   .debug_str:000000000000030f .LASF30
     /tmp/cc0qNp5H.s:1056   .debug_str:00000000000002f7 .LASF19
     /tmp/cc0qNp5H.s:1084   .debug_str:0000000000000443 .LASF21
     /tmp/cc0qNp5H.s:988    .debug_str:00000000000000fe .LASF20
     /tmp/cc0qNp5H.s:1030   .debug_str:000000000000021e .LASF22
     /tmp/cc0qNp5H.s:970    .debug_str:0000000000000043 .LASF23
     /tmp/cc0qNp5H.s:980    .debug_str:00000000000000ad .LASF24
     /tmp/cc0qNp5H.s:986    .debug_str:00000000000000ef .LASF25
     /tmp/cc0qNp5H.s:968    .debug_str:0000000000000033 .LASF26
     /tmp/cc0qNp5H.s:1082   .debug_str:0000000000000438 .LASF27
     /tmp/cc0qNp5H.s:1034   .debug_str:000000000000024d .LASF28
     /tmp/cc0qNp5H.s:1078   .debug_str:0000000000000425 .LASF29
GAS LISTING /tmp/cc0qNp5H.s 			page 3


     /tmp/cc0qNp5H.s:1074   .debug_str:0000000000000419 .LASF31
     /tmp/cc0qNp5H.s:1014   .debug_str:00000000000001c9 .LASF32
     /tmp/cc0qNp5H.s:1038   .debug_str:000000000000027f .LASF33
     /tmp/cc0qNp5H.s:1026   .debug_str:0000000000000214 .LASF34
     /tmp/cc0qNp5H.s:1006   .debug_str:0000000000000198 .LASF35
     /tmp/cc0qNp5H.s:1072   .debug_str:000000000000040f .LASF36
     /tmp/cc0qNp5H.s:1040   .debug_str:0000000000000288 .LASF37
     /tmp/cc0qNp5H.s:1002   .debug_str:0000000000000181 .LASF38
     /tmp/cc0qNp5H.s:1052   .debug_str:00000000000002d6 .LASF39
     /tmp/cc0qNp5H.s:1070   .debug_str:00000000000003ec .LASF41
     /tmp/cc0qNp5H.s:1050   .debug_str:00000000000002ca .LASF43
     /tmp/cc0qNp5H.s:990    .debug_str:0000000000000106 .LASF45
     /tmp/cc0qNp5H.s:1032   .debug_str:0000000000000240 .LASF40
     /tmp/cc0qNp5H.s:982    .debug_str:00000000000000b2 .LASF42
     /tmp/cc0qNp5H.s:1012   .debug_str:00000000000001bc .LASF44
     /tmp/cc0qNp5H.s:964    .debug_str:0000000000000000 .LASF46
     /tmp/cc0qNp5H.s:1022   .debug_str:00000000000001fa .LASF47
     /tmp/cc0qNp5H.s:1036   .debug_str:0000000000000257 .LASF48
     /tmp/cc0qNp5H.s:996    .debug_str:0000000000000159 .LASF49
     /tmp/cc0qNp5H.s:1086   .debug_str:0000000000000464 .LASF50
     /tmp/cc0qNp5H.s:1076   .debug_str:000000000000041f .LASF51
     /tmp/cc0qNp5H.s:1080   .debug_str:0000000000000432 .LASF52
     /tmp/cc0qNp5H.s:1064   .debug_str:0000000000000314 .LASF53
     /tmp/cc0qNp5H.s:974    .debug_str:0000000000000079 .LASF54
     /tmp/cc0qNp5H.s:1068   .debug_str:00000000000003e2 .LASF55
     /tmp/cc0qNp5H.s:1024   .debug_str:0000000000000204 .LASF56
     /tmp/cc0qNp5H.s:10     .text:0000000000000000 .LFB25
     /tmp/cc0qNp5H.s:37     .text:0000000000000028 .LFE25
     /tmp/cc0qNp5H.s:1020   .debug_str:00000000000001f4 .LASF57
     /tmp/cc0qNp5H.s:921    .debug_loc:0000000000000000 .LLST0
     /tmp/cc0qNp5H.s:1088   .debug_str:000000000000048f .LASF58
     /tmp/cc0qNp5H.s:935    .debug_loc:0000000000000039 .LLST1
     /tmp/cc0qNp5H.s:26     .text:0000000000000018 .LVL1
     /tmp/cc0qNp5H.s:14     .text:0000000000000000 .LVL0
     /tmp/cc0qNp5H.s:43     .debug_info:0000000000000000 .Ldebug_info0

UNDEFINED SYMBOLS
_ZN13SlabAllocator10initializeEPvm
