GAS LISTING /tmp/cck6u1Cg.s 			page 1


   1              		.file	"main.cpp"
   2              		.option pic
   3              		.option norelax
   4              		.text
   5              	.Ltext0:
   6              		.align	2
   7              		.globl	main
   9              	main:
  10              	.LFB0:
  11              		.file 1 "src/kernel/main.cpp"
   1:src/kernel/main.cpp **** //
   2:src/kernel/main.cpp **** // Created by os on 4/28/22.
   3:src/kernel/main.cpp **** //
   4:src/kernel/main.cpp **** #include "../../h/system.hpp"
   5:src/kernel/main.cpp **** 
   6:src/kernel/main.cpp **** int main() {
  12              		.loc 1 6 12
  13              		.cfi_startproc
  14 0000 130101FE 		addi	sp,sp,-32
  15              		.cfi_def_cfa_offset 32
  16 0004 233C1100 		sd	ra,24(sp)
  17 0008 23388100 		sd	s0,16(sp)
  18              		.cfi_offset 1, -8
  19              		.cfi_offset 8, -16
  20 000c 13040102 		addi	s0,sp,32
  21              		.cfi_def_cfa 8, 0
   7:src/kernel/main.cpp **** 
   8:src/kernel/main.cpp ****     //entry point for user code
   9:src/kernel/main.cpp ****     System();
  22              		.loc 1 9 5
  23 0010 130584FE 		addi	a0,s0,-24
  24 0014 97000000 		call	_ZN6SystemC1Ev@plt
  24      E7800000 
  25              	.LVL0:
  10:src/kernel/main.cpp **** 
  11:src/kernel/main.cpp ****     return 0;
  26              		.loc 1 11 5
  12:src/kernel/main.cpp **** }...
  27              		.loc 1 12 1 is_stmt 0
  28 001c 13050000 		li	a0,0
  29 0020 83308101 		ld	ra,24(sp)
  30              		.cfi_restore 1
  31 0024 03340101 		ld	s0,16(sp)
  32              		.cfi_restore 8
  33              		.cfi_def_cfa 2, 32
  34 0028 13010102 		addi	sp,sp,32
  35              		.cfi_def_cfa_offset 0
  36 002c 67800000 		jr	ra
  37              		.cfi_endproc
  38              	.LFE0:
  40              	.Letext0:
  41              		.file 2 "src/kernel/../../h/../lib/hw.h"
  42              		.file 3 "src/kernel/../../h/../h/utility.hpp"
GAS LISTING /tmp/cck6u1Cg.s 			page 2


DEFINED SYMBOLS
                            *ABS*:0000000000000000 main.cpp
     /tmp/cck6u1Cg.s:9      .text:0000000000000000 main
     /tmp/cck6u1Cg.s:13     .text:0000000000000000 .L0 
     /tmp/cck6u1Cg.s:14     .text:0000000000000000 .L0 
     /tmp/cck6u1Cg.s:15     .text:0000000000000004 .L0 
     /tmp/cck6u1Cg.s:18     .text:000000000000000c .L0 
     /tmp/cck6u1Cg.s:19     .text:000000000000000c .L0 
     /tmp/cck6u1Cg.s:21     .text:0000000000000010 .L0 
     /tmp/cck6u1Cg.s:23     .text:0000000000000010 .L0 
     /tmp/cck6u1Cg.s:27     .text:000000000000001c .L0 
     /tmp/cck6u1Cg.s:28     .text:000000000000001c .L0 
     /tmp/cck6u1Cg.s:30     .text:0000000000000024 .L0 
     /tmp/cck6u1Cg.s:32     .text:0000000000000028 .L0 
     /tmp/cck6u1Cg.s:33     .text:0000000000000028 .L0 
     /tmp/cck6u1Cg.s:35     .text:000000000000002c .L0 
     /tmp/cck6u1Cg.s:37     .text:0000000000000030 .L0 
     /tmp/cck6u1Cg.s:43     .text:0000000000000030 .L0 
     /tmp/cck6u1Cg.s:218    .debug_abbrev:0000000000000000 .Ldebug_abbrev0
     /tmp/cck6u1Cg.s:466    .debug_str:0000000000000114 .LASF20
     /tmp/cck6u1Cg.s:434    .debug_str:000000000000002f .LASF21
     /tmp/cck6u1Cg.s:470    .debug_str:00000000000001f4 .LASF22
     /tmp/cck6u1Cg.s:5      .text:0000000000000000 .Ltext0
     /tmp/cck6u1Cg.s:40     .text:0000000000000030 .Letext0
     /tmp/cck6u1Cg.s:424    .debug_line:0000000000000000 .Ldebug_line0
     /tmp/cck6u1Cg.s:456    .debug_str:00000000000000cc .LASF0
     /tmp/cck6u1Cg.s:450    .debug_str:00000000000000a8 .LASF1
     /tmp/cck6u1Cg.s:446    .debug_str:0000000000000088 .LASF2
     /tmp/cck6u1Cg.s:432    .debug_str:0000000000000028 .LASF4
     /tmp/cck6u1Cg.s:448    .debug_str:0000000000000096 .LASF3
     /tmp/cck6u1Cg.s:428    .debug_str:0000000000000013 .LASF5
     /tmp/cck6u1Cg.s:426    .debug_str:0000000000000000 .LASF6
     /tmp/cck6u1Cg.s:442    .debug_str:0000000000000066 .LASF7
     /tmp/cck6u1Cg.s:460    .debug_str:00000000000000de .LASF8
     /tmp/cck6u1Cg.s:430    .debug_str:000000000000001a .LASF9
     /tmp/cck6u1Cg.s:472    .debug_str:0000000000000225 .LASF10
     /tmp/cck6u1Cg.s:444    .debug_str:0000000000000079 .LASF11
     /tmp/cck6u1Cg.s:468    .debug_str:00000000000001e4 .LASF12
     /tmp/cck6u1Cg.s:464    .debug_str:0000000000000104 .LASF13
     /tmp/cck6u1Cg.s:452    .debug_str:00000000000000bb .LASF14
     /tmp/cck6u1Cg.s:438    .debug_str:0000000000000048 .LASF15
     /tmp/cck6u1Cg.s:462    .debug_str:00000000000000ee .LASF16
     /tmp/cck6u1Cg.s:458    .debug_str:00000000000000d9 .LASF17
     /tmp/cck6u1Cg.s:440    .debug_str:000000000000005e .LASF18
     /tmp/cck6u1Cg.s:436    .debug_str:0000000000000043 .LASF19
     /tmp/cck6u1Cg.s:454    .debug_str:00000000000000c7 .LASF23
     /tmp/cck6u1Cg.s:10     .text:0000000000000000 .LFB0
     /tmp/cck6u1Cg.s:38     .text:0000000000000030 .LFE0
     /tmp/cck6u1Cg.s:25     .text:000000000000001c .LVL0
     /tmp/cck6u1Cg.s:44     .debug_info:0000000000000000 .Ldebug_info0

UNDEFINED SYMBOLS
_ZN6SystemC1Ev
